<?xml version="1.0" encoding="UTF-8"?>
<testsuite xmlns:xsi="http://www.w3.org/2001/XMLSchema-instance" xsi:noNamespaceSchemaLocation="https://maven.apache.org/surefire/maven-surefire-plugin/xsd/surefire-test-report.xsd" version="3.0.2" name="com.user.UserCrudServiceApplicationTests" time="7.074" tests="1" errors="0" skipped="0" failures="0">
  <properties>
[...]
</properties>
  <testcase name="contextLoads" classname="com.user.UserCrudServiceApplicationTests" time="0.567">
    <system-out><![CDATA[14:04:24.237 [main] INFO org.springframework.test.context.support.AnnotationConfigContextLoaderUtils -- Could not detect default configuration classes for test class [com.user.UserCrudServiceApplicationTests]: UserCrudServiceApplicationTests does not declare any static, non-private, non-final, nested classes annotated with @Configuration.
14:04:24.376 [main] INFO org.springframework.boot.test.context.SpringBootTestContextBootstrapper -- Found @SpringBootConfiguration com.user.UserCrudServiceApplication for test class com.user.UserCrudServiceApplicationTests
14:04:24.607 [main] INFO org.springframework.boot.devtools.restart.RestartApplicationListener -- Restart disabled due to context in which it is running

  .   ____          _            __ _ _
 /\\ / ___'_ __ _ _(_)_ __  __ _ \ \ \ \
( ( )\___ | '_ | '_| | '_ \/ _` | \ \ \ \
 \\/  ___)| |_)| | | | | || (_| |  ) ) ) )
  '  |____| .__|_| |_|_| |_\__, | / / / /
 =========|_|==============|___/=/_/_/_/

 :: Spring Boot ::                (v3.4.0)

2025-02-17T14:04:24.960+05:30  INFO 20724 --- [UserCrudService] [           main] c.user.UserCrudServiceApplicationTests   : Starting UserCrudServiceApplicationTests using Java 17.0.12 with PID 20724 (started by LENOVO in C:\Java_Project\01-Mini-Project-UserCrudService)
2025-02-17T14:04:24.961+05:30  INFO 20724 --- [UserCrudService] [           main] c.user.UserCrudServiceApplicationTests   : No active profile set, falling back to 1 default profile: "default"
2025-02-17T14:04:26.285+05:30  INFO 20724 --- [UserCrudService] [           main] .s.d.r.c.RepositoryConfigurationDelegate : Bootstrapping Spring Data JPA repositories in DEFAULT mode.
2025-02-17T14:04:26.359+05:30  INFO 20724 --- [UserCrudService] [           main] .s.d.r.c.RepositoryConfigurationDelegate : Finished Spring Data repository scanning in 62 ms. Found 1 JPA repository interface.
2025-02-17T14:04:26.968+05:30  INFO 20724 --- [UserCrudService] [           main] com.zaxxer.hikari.HikariDataSource       : HikariPool-1 - Starting...
2025-02-17T14:04:27.251+05:30  INFO 20724 --- [UserCrudService] [           main] com.zaxxer.hikari.pool.HikariPool        : HikariPool-1 - Added connection conn0: url=jdbc:h2:mem:testdb user=SA
2025-02-17T14:04:27.254+05:30  INFO 20724 --- [UserCrudService] [           main] com.zaxxer.hikari.HikariDataSource       : HikariPool-1 - Start completed.
2025-02-17T14:04:27.351+05:30  INFO 20724 --- [UserCrudService] [           main] o.hibernate.jpa.internal.util.LogHelper  : HHH000204: Processing PersistenceUnitInfo [name: default]
2025-02-17T14:04:27.474+05:30  INFO 20724 --- [UserCrudService] [           main] org.hibernate.Version                    : HHH000412: Hibernate ORM core version 6.6.2.Final
2025-02-17T14:04:27.527+05:30  INFO 20724 --- [UserCrudService] [           main] o.h.c.internal.RegionFactoryInitiator    : HHH000026: Second-level cache disabled
2025-02-17T14:04:28.000+05:30  INFO 20724 --- [UserCrudService] [           main] o.s.o.j.p.SpringPersistenceUnitInfo      : No LoadTimeWeaver setup: ignoring JPA class transformer
2025-02-17T14:04:28.157+05:30  INFO 20724 --- [UserCrudService] [           main] org.hibernate.orm.connections.pooling    : HHH10001005: Database info:
	Database JDBC URL [Connecting through datasource 'HikariDataSource (HikariPool-1)']
	Database driver: undefined/unknown
	Database version: 2.3.232
	Autocommit mode: undefined/unknown
	Isolation level: undefined/unknown
	Minimum pool size: undefined/unknown
	Maximum pool size: undefined/unknown
2025-02-17T14:04:29.104+05:30  INFO 20724 --- [UserCrudService] [           main] o.h.e.t.j.p.i.JtaPlatformInitiator       : HHH000489: No JTA platform available (set 'hibernate.transaction.jta.platform' to enable JTA platform integration)
2025-02-17T14:04:29.138+05:30  INFO 20724 --- [UserCrudService] [           main] j.LocalContainerEntityManagerFactoryBean : Initialized JPA EntityManagerFactory for persistence unit 'default'
2025-02-17T14:04:29.468+05:30  INFO 20724 --- [UserCrudService] [           main] o.s.d.j.r.query.QueryEnhancerFactory     : Hibernate is in classpath; If applicable, HQL parser will be used.
2025-02-17T14:04:29.849+05:30  WARN 20724 --- [UserCrudService] [           main] JpaBaseConfiguration$JpaWebConfiguration : spring.jpa.open-in-view is enabled by default. Therefore, database queries may be performed during view rendering. Explicitly configure spring.jpa.open-in-view to disable this warning
2025-02-17T14:04:29.890+05:30  INFO 20724 --- [UserCrudService] [           main] o.s.b.a.w.s.WelcomePageHandlerMapping    : Adding welcome page template: index
2025-02-17T14:04:30.489+05:30  INFO 20724 --- [UserCrudService] [           main] c.user.UserCrudServiceApplicationTests   : Started UserCrudServiceApplicationTests in 5.894 seconds (process running for 7.395)
]]></system-out>
  </testcase>
</testsuite>